<?xml version="1.0" encoding="UTF-8"?>
<!-- Generated by org.testng.reporters.JUnitReportReporter -->
<testsuite hostname="DeBaSiSh" name="com.qa.tests.DemoTest2" tests="4" failures="0" timestamp="13 Apr 2019 14:24:15 GMT" time="0.002" errors="0">
  <testcase name="sum" time="0.000" classname="com.qa.tests.DemoTest2"/>
  <testcase name="sub" time="0.001" classname="com.qa.tests.DemoTest2"/>
  <testcase name="div" time="0.001" classname="com.qa.tests.DemoTest2"/>
  <testcase name="mul" time="0.000" classname="com.qa.tests.DemoTest2"/>
</testsuite> <!-- com.qa.tests.DemoTest2 -->
